<?xml version="1.0" encoding="UTF-8"?>
<!-- Generated by org.testng.reporters.JUnitReportReporter -->
<testsuite hostname="DESKTOP-9BLN6AT" failures="0" tests="12" name="runner.Test_Data_table_Registartion_Runner" time="3.235" errors="1" timestamp="2024-02-03T13:31:50 IST" skipped="0">
  <testcase classname="runner.Test_Data_table_Registartion_Runner" name="runScenario" time="0.108"/>
  <testcase classname="runner.Test_Data_table_Registartion_Runner" name="runScenario" time="0.042"/>
  <testcase classname="runner.Test_Data_table_Registartion_Runner" name="runScenario" time="0.040"/>
  <testcase classname="runner.Test_Data_table_Registartion_Runner" name="tearDownClass" time="2.399">
    <error message="java.io.IOException: HTTP request failed:
&gt; GET https://messages.cucumber.io/api/reports
&lt; HTTP/1.1 401 Unauthorized
&lt; X-Cache: Error from cloudfront
&lt; x-amz-apigw-id: SjLlMGlFiGYELsQ=
&lt; Access-Control-Allow-Origin: https://reports.cucumber.io
&lt; Access-Control-Allow-Methods: GET
&lt; X-Amz-Cf-Pop: BLR50-P3
&lt; Connection: keep-alive
&lt; Date: Sat, 03 Feb 2024 08:01:49 GMT
&lt; Access-Control-Allow-Headers: Content-Type,Authorization,X-Amz-Date,X-Api-Key,X-Amz-Security-Token
&lt; X-Amzn-Trace-Id: Root=1-65bdf2ed-344d891f63280e71797996f7;Sampled=0;lineage=d7df4ace:0
&lt; Via: 1.1 372cdf0a39e37fc83dc248f1d57798e4.cloudfront.net (CloudFront)
&lt; Cache-Control: private, no-cache, no-store, must-revalidate
&lt; Access-Control-Allow-Credentials: true
&lt; x-amzn-RequestId: b78b796e-507a-4a96-9e02-e98c5b8961ac
&lt; X-Amz-Cf-Id: S9vk8SP6EWhb2cCay4-WZT0sqXNYZFrj4j2qdj9fZxksvkviPXpvbg==
&lt; Content-Length: 875
&lt; Content-Type: text/plain; charset=UTF-8
[31m[1m┌─────────────────────────────────────────────────────────────────────────────────────────────┐[0m
[31m[1m│[0m Invalid CUCUMBER_PUBLISH_TOKEN: [1mCUCUMBER_PUBLISH_TOKEN=54abb800-7cea-44ab-8ed4-bb72715838c0[0m [31m[1m│[0m
[31m[1m│[0m Go to [1m[36m[4mhttps://reports.cucumber.io/profile[0m to get your token.                                [31m[1m│[0m
[31m[1m└─────────────────────────────────────────────────────────────────────────────────────────────┘[0m" type="java.lang.RuntimeException">
      <![CDATA[java.lang.RuntimeException: java.io.IOException: HTTP request failed:
> GET https://messages.cucumber.io/api/reports
< HTTP/1.1 401 Unauthorized
< X-Cache: Error from cloudfront
< x-amz-apigw-id: SjLlMGlFiGYELsQ=
< Access-Control-Allow-Origin: https://reports.cucumber.io
< Access-Control-Allow-Methods: GET
< X-Amz-Cf-Pop: BLR50-P3
< Connection: keep-alive
< Date: Sat, 03 Feb 2024 08:01:49 GMT
< Access-Control-Allow-Headers: Content-Type,Authorization,X-Amz-Date,X-Api-Key,X-Amz-Security-Token
< X-Amzn-Trace-Id: Root=1-65bdf2ed-344d891f63280e71797996f7;Sampled=0;lineage=d7df4ace:0
< Via: 1.1 372cdf0a39e37fc83dc248f1d57798e4.cloudfront.net (CloudFront)
< Cache-Control: private, no-cache, no-store, must-revalidate
< Access-Control-Allow-Credentials: true
< x-amzn-RequestId: b78b796e-507a-4a96-9e02-e98c5b8961ac
< X-Amz-Cf-Id: S9vk8SP6EWhb2cCay4-WZT0sqXNYZFrj4j2qdj9fZxksvkviPXpvbg==
< Content-Length: 875
< Content-Type: text/plain; charset=UTF-8
[31m[1m┌─────────────────────────────────────────────────────────────────────────────────────────────┐[0m
[31m[1m│[0m Invalid CUCUMBER_PUBLISH_TOKEN: [1mCUCUMBER_PUBLISH_TOKEN=54abb800-7cea-44ab-8ed4-bb72715838c0[0m [31m[1m│[0m
[31m[1m│[0m Go to [1m[36m[4mhttps://reports.cucumber.io/profile[0m to get your token.                                [31m[1m│[0m
[31m[1m└─────────────────────────────────────────────────────────────────────────────────────────────┘[0m
at io.cucumber.core.plugin.MessageFormatter.writeMessage(MessageFormatter.java:32)
at io.cucumber.core.eventbus.AbstractEventPublisher.send(AbstractEventPublisher.java:51)
at io.cucumber.core.eventbus.AbstractEventBus.send(AbstractEventBus.java:12)
at io.cucumber.core.runtime.SynchronizedEventBus.send(SynchronizedEventBus.java:47)
at io.cucumber.core.runtime.CucumberExecutionContext.emitTestRunFinished(CucumberExecutionContext.java:125)
at io.cucumber.core.runtime.CucumberExecutionContext.finishTestRun(CucumberExecutionContext.java:105)
at io.cucumber.testng.TestNGCucumberRunner.finish(TestNGCucumberRunner.java:145)
at io.cucumber.testng.AbstractTestNGCucumberTests.tearDownClass(AbstractTestNGCucumberTests.java:57)
at java.base/jdk.internal.reflect.DirectMethodHandleAccessor.invoke(DirectMethodHandleAccessor.java:104)
at java.base/java.lang.reflect.Method.invoke(Method.java:578)
at org.testng.internal.invokers.MethodInvocationHelper.invokeMethod(MethodInvocationHelper.java:139)
at org.testng.internal.invokers.MethodInvocationHelper.invokeMethodConsideringTimeout(MethodInvocationHelper.java:69)
at org.testng.internal.invokers.ConfigInvoker.invokeConfigurationMethod(ConfigInvoker.java:390)
at org.testng.internal.invokers.ConfigInvoker.invokeConfigurations(ConfigInvoker.java:325)
at org.testng.internal.invokers.TestMethodWorker.invokeAfterClassConfigurations(TestMethodWorker.java:229)
at org.testng.internal.invokers.TestMethodWorker.invokeAfterClassMethods(TestMethodWorker.java:215)
at org.testng.internal.invokers.TestMethodWorker.run(TestMethodWorker.java:131)
at java.base/java.util.ArrayList.forEach(ArrayList.java:1511)
at org.testng.TestRunner.privateRun(TestRunner.java:848)
at org.testng.TestRunner.run(TestRunner.java:621)
at org.testng.SuiteRunner.runTest(SuiteRunner.java:443)
at org.testng.SuiteRunner.runSequentially(SuiteRunner.java:437)
at org.testng.SuiteRunner.privateRun(SuiteRunner.java:397)
at org.testng.SuiteRunner.run(SuiteRunner.java:336)
at org.testng.SuiteRunnerWorker.runSuite(SuiteRunnerWorker.java:52)
at org.testng.SuiteRunnerWorker.run(SuiteRunnerWorker.java:95)
at org.testng.TestNG.runSuitesSequentially(TestNG.java:1280)
at org.testng.TestNG.runSuitesLocally(TestNG.java:1200)
at org.testng.TestNG.runSuites(TestNG.java:1114)
at org.testng.TestNG.run(TestNG.java:1082)
at org.testng.remote.AbstractRemoteTestNG.run(AbstractRemoteTestNG.java:115)
at org.testng.remote.RemoteTestNG.initAndRun(RemoteTestNG.java:251)
at org.testng.remote.RemoteTestNG.main(RemoteTestNG.java:77)
Caused by: java.io.IOException: HTTP request failed:
> GET https://messages.cucumber.io/api/reports
< HTTP/1.1 401 Unauthorized
< X-Cache: Error from cloudfront
< x-amz-apigw-id: SjLlMGlFiGYELsQ=
< Access-Control-Allow-Origin: https://reports.cucumber.io
< Access-Control-Allow-Methods: GET
< X-Amz-Cf-Pop: BLR50-P3
< Connection: keep-alive
< Date: Sat, 03 Feb 2024 08:01:49 GMT
< Access-Control-Allow-Headers: Content-Type,Authorization,X-Amz-Date,X-Api-Key,X-Amz-Security-Token
< X-Amzn-Trace-Id: Root=1-65bdf2ed-344d891f63280e71797996f7;Sampled=0;lineage=d7df4ace:0
< Via: 1.1 372cdf0a39e37fc83dc248f1d57798e4.cloudfront.net (CloudFront)
< Cache-Control: private, no-cache, no-store, must-revalidate
< Access-Control-Allow-Credentials: true
< x-amzn-RequestId: b78b796e-507a-4a96-9e02-e98c5b8961ac
< X-Amz-Cf-Id: S9vk8SP6EWhb2cCay4-WZT0sqXNYZFrj4j2qdj9fZxksvkviPXpvbg==
< Content-Length: 875
< Content-Type: text/plain; charset=UTF-8
[31m[1m┌─────────────────────────────────────────────────────────────────────────────────────────────┐[0m
[31m[1m│[0m Invalid CUCUMBER_PUBLISH_TOKEN: [1mCUCUMBER_PUBLISH_TOKEN=54abb800-7cea-44ab-8ed4-bb72715838c0[0m [31m[1m│[0m
[31m[1m│[0m Go to [1m[36m[4mhttps://reports.cucumber.io/profile[0m to get your token.                                [31m[1m│[0m
[31m[1m└─────────────────────────────────────────────────────────────────────────────────────────────┘[0m
at io.cucumber.core.plugin.UrlOutputStream.createCurlLikeException(UrlOutputStream.java:150)
at io.cucumber.core.plugin.UrlOutputStream.getResponseBody(UrlOutputStream.java:135)
at io.cucumber.core.plugin.UrlOutputStream.sendRequest(UrlOutputStream.java:87)
at io.cucumber.core.plugin.UrlOutputStream.close(UrlOutputStream.java:65)
at java.base/sun.nio.cs.StreamEncoder.implClose(StreamEncoder.java:443)
at java.base/sun.nio.cs.StreamEncoder.lockedClose(StreamEncoder.java:241)
at java.base/sun.nio.cs.StreamEncoder.close(StreamEncoder.java:232)
at java.base/java.io.OutputStreamWriter.close(OutputStreamWriter.java:267)
at io.cucumber.core.plugin.MessageFormatter.writeMessage(MessageFormatter.java:29)
... 32 more
]]>
    </error>
  </testcase> <!-- tearDownClass -->
  <testcase classname="runner.Test_Data_table_Registartion_Runner" name="runScenario" time="0.069"/>
  <testcase classname="runner.Test_Data_table_Registartion_Runner" name="runScenario" time="0.029"/>
  <testcase classname="runner.Test_Data_table_Registartion_Runner" name="runScenario" time="0.056"/>
  <testcase classname="runner.Test_Data_table_Registartion_Runner" name="runScenario" time="0.056"/>
  <testcase classname="runner.Test_Data_table_Registartion_Runner" name="runScenario" time="0.187"/>
  <testcase classname="runner.Test_Data_table_Registartion_Runner" name="runScenario" time="0.087"/>
  <testcase classname="runner.Test_Data_table_Registartion_Runner" name="runScenario" time="0.049"/>
  <testcase classname="runner.Test_Data_table_Registartion_Runner" name="runScenario" time="0.113"/>
</testsuite> <!-- runner.Test_Data_table_Registartion_Runner -->
