<?xml version="1.0" encoding="UTF-8"?>
<!-- Generated by org.testng.reporters.JUnitReportReporter -->
<testsuite hostname="DESKTOP-9BLN6AT" failures="0" tests="12" name="runner.Test_Data_table_Registartion_Runner" time="2.572" errors="1" timestamp="2023-10-14T16:25:51 IST" skipped="0">
  <testcase classname="runner.Test_Data_table_Registartion_Runner" name="runScenario" time="0.186"/>
  <testcase classname="runner.Test_Data_table_Registartion_Runner" name="runScenario" time="0.029"/>
  <testcase classname="runner.Test_Data_table_Registartion_Runner" name="runScenario" time="0.039"/>
  <testcase classname="runner.Test_Data_table_Registartion_Runner" name="runScenario" time="0.026"/>
  <testcase classname="runner.Test_Data_table_Registartion_Runner" name="runScenario" time="0.064"/>
  <testcase classname="runner.Test_Data_table_Registartion_Runner" name="runScenario" time="0.055"/>
  <testcase classname="runner.Test_Data_table_Registartion_Runner" name="tearDownClass" time="1.953">
    <error message="java.io.IOException: HTTP request failed:
&gt; GET https://messages.cucumber.io/api/reports
&lt; HTTP/1.1 401 Unauthorized
&lt; X-Cache: Error from cloudfront
&lt; x-amz-apigw-id: MycElEgICGYFe5g=
&lt; Access-Control-Allow-Origin: https://reports.cucumber.io
&lt; Access-Control-Allow-Methods: GET
&lt; X-Amz-Cf-Pop: BLR50-P3
&lt; Connection: keep-alive
&lt; Date: Sat, 14 Oct 2023 10:55:50 GMT
&lt; Access-Control-Allow-Headers: Content-Type,Authorization,X-Amz-Date,X-Api-Key,X-Amz-Security-Token
&lt; X-Amzn-Trace-Id: Root=1-652a73b6-659a1c1358b7054c77a0940f;Sampled=0;lineage=d7df4ace:0
&lt; Via: 1.1 6cbb5ab0cde2993e0fb6176991d8fd62.cloudfront.net (CloudFront)
&lt; Cache-Control: private, no-cache, no-store, must-revalidate
&lt; Access-Control-Allow-Credentials: true
&lt; x-amzn-RequestId: fe585626-f0b8-45a9-a405-b25bd2ee754b
&lt; X-Amz-Cf-Id: 8avyDMff2YTe4Tde8GphuxqW6r-gUaKhXUQMtpR7l9XsuIw43lyXCQ==
&lt; Content-Length: 875
&lt; Content-Type: text/plain; charset=UTF-8
[31m[1m┌─────────────────────────────────────────────────────────────────────────────────────────────┐[0m
[31m[1m│[0m Invalid CUCUMBER_PUBLISH_TOKEN: [1mCUCUMBER_PUBLISH_TOKEN=54abb800-7cea-44ab-8ed4-bb72715838c0[0m [31m[1m│[0m
[31m[1m│[0m Go to [1m[36m[4mhttps://reports.cucumber.io/profile[0m to get your token.                                [31m[1m│[0m
[31m[1m└─────────────────────────────────────────────────────────────────────────────────────────────┘[0m" type="java.lang.RuntimeException">
      <![CDATA[java.lang.RuntimeException: java.io.IOException: HTTP request failed:
> GET https://messages.cucumber.io/api/reports
< HTTP/1.1 401 Unauthorized
< X-Cache: Error from cloudfront
< x-amz-apigw-id: MycElEgICGYFe5g=
< Access-Control-Allow-Origin: https://reports.cucumber.io
< Access-Control-Allow-Methods: GET
< X-Amz-Cf-Pop: BLR50-P3
< Connection: keep-alive
< Date: Sat, 14 Oct 2023 10:55:50 GMT
< Access-Control-Allow-Headers: Content-Type,Authorization,X-Amz-Date,X-Api-Key,X-Amz-Security-Token
< X-Amzn-Trace-Id: Root=1-652a73b6-659a1c1358b7054c77a0940f;Sampled=0;lineage=d7df4ace:0
< Via: 1.1 6cbb5ab0cde2993e0fb6176991d8fd62.cloudfront.net (CloudFront)
< Cache-Control: private, no-cache, no-store, must-revalidate
< Access-Control-Allow-Credentials: true
< x-amzn-RequestId: fe585626-f0b8-45a9-a405-b25bd2ee754b
< X-Amz-Cf-Id: 8avyDMff2YTe4Tde8GphuxqW6r-gUaKhXUQMtpR7l9XsuIw43lyXCQ==
< Content-Length: 875
< Content-Type: text/plain; charset=UTF-8
[31m[1m┌─────────────────────────────────────────────────────────────────────────────────────────────┐[0m
[31m[1m│[0m Invalid CUCUMBER_PUBLISH_TOKEN: [1mCUCUMBER_PUBLISH_TOKEN=54abb800-7cea-44ab-8ed4-bb72715838c0[0m [31m[1m│[0m
[31m[1m│[0m Go to [1m[36m[4mhttps://reports.cucumber.io/profile[0m to get your token.                                [31m[1m│[0m
[31m[1m└─────────────────────────────────────────────────────────────────────────────────────────────┘[0m
at io.cucumber.core.plugin.MessageFormatter.writeMessage(MessageFormatter.java:32)
at io.cucumber.core.eventbus.AbstractEventPublisher.send(AbstractEventPublisher.java:51)
at io.cucumber.core.eventbus.AbstractEventBus.send(AbstractEventBus.java:12)
at io.cucumber.core.runtime.SynchronizedEventBus.send(SynchronizedEventBus.java:47)
at io.cucumber.core.runtime.CucumberExecutionContext.emitTestRunFinished(CucumberExecutionContext.java:125)
at io.cucumber.core.runtime.CucumberExecutionContext.finishTestRun(CucumberExecutionContext.java:105)
at io.cucumber.testng.TestNGCucumberRunner.finish(TestNGCucumberRunner.java:145)
at io.cucumber.testng.AbstractTestNGCucumberTests.tearDownClass(AbstractTestNGCucumberTests.java:57)
at java.base/jdk.internal.reflect.DirectMethodHandleAccessor.invoke(DirectMethodHandleAccessor.java:104)
at java.base/java.lang.reflect.Method.invoke(Method.java:578)
at org.testng.internal.invokers.MethodInvocationHelper.invokeMethod(MethodInvocationHelper.java:139)
at org.testng.internal.invokers.MethodInvocationHelper.invokeMethodConsideringTimeout(MethodInvocationHelper.java:69)
at org.testng.internal.invokers.ConfigInvoker.invokeConfigurationMethod(ConfigInvoker.java:390)
at org.testng.internal.invokers.ConfigInvoker.invokeConfigurations(ConfigInvoker.java:325)
at org.testng.internal.invokers.TestMethodWorker.invokeAfterClassConfigurations(TestMethodWorker.java:229)
at org.testng.internal.invokers.TestMethodWorker.invokeAfterClassMethods(TestMethodWorker.java:215)
at org.testng.internal.invokers.TestMethodWorker.run(TestMethodWorker.java:131)
at java.base/java.util.ArrayList.forEach(ArrayList.java:1511)
at org.testng.TestRunner.privateRun(TestRunner.java:848)
at org.testng.TestRunner.run(TestRunner.java:621)
at org.testng.SuiteRunner.runTest(SuiteRunner.java:443)
at org.testng.SuiteRunner.runSequentially(SuiteRunner.java:437)
at org.testng.SuiteRunner.privateRun(SuiteRunner.java:397)
at org.testng.SuiteRunner.run(SuiteRunner.java:336)
at org.testng.SuiteRunnerWorker.runSuite(SuiteRunnerWorker.java:52)
at org.testng.SuiteRunnerWorker.run(SuiteRunnerWorker.java:95)
at org.testng.TestNG.runSuitesSequentially(TestNG.java:1280)
at org.testng.TestNG.runSuitesLocally(TestNG.java:1200)
at org.testng.TestNG.runSuites(TestNG.java:1114)
at org.testng.TestNG.run(TestNG.java:1082)
at org.apache.maven.surefire.testng.TestNGExecutor.run(TestNGExecutor.java:308)
at org.apache.maven.surefire.testng.TestNGXmlTestSuite.execute(TestNGXmlTestSuite.java:71)
at org.apache.maven.surefire.testng.TestNGProvider.invoke(TestNGProvider.java:113)
at org.apache.maven.surefire.booter.ForkedBooter.runSuitesInProcess(ForkedBooter.java:385)
at org.apache.maven.surefire.booter.ForkedBooter.execute(ForkedBooter.java:162)
at org.apache.maven.surefire.booter.ForkedBooter.run(ForkedBooter.java:507)
at org.apache.maven.surefire.booter.ForkedBooter.main(ForkedBooter.java:495)
Caused by: java.io.IOException: HTTP request failed:
> GET https://messages.cucumber.io/api/reports
< HTTP/1.1 401 Unauthorized
< X-Cache: Error from cloudfront
< x-amz-apigw-id: MycElEgICGYFe5g=
< Access-Control-Allow-Origin: https://reports.cucumber.io
< Access-Control-Allow-Methods: GET
< X-Amz-Cf-Pop: BLR50-P3
< Connection: keep-alive
< Date: Sat, 14 Oct 2023 10:55:50 GMT
< Access-Control-Allow-Headers: Content-Type,Authorization,X-Amz-Date,X-Api-Key,X-Amz-Security-Token
< X-Amzn-Trace-Id: Root=1-652a73b6-659a1c1358b7054c77a0940f;Sampled=0;lineage=d7df4ace:0
< Via: 1.1 6cbb5ab0cde2993e0fb6176991d8fd62.cloudfront.net (CloudFront)
< Cache-Control: private, no-cache, no-store, must-revalidate
< Access-Control-Allow-Credentials: true
< x-amzn-RequestId: fe585626-f0b8-45a9-a405-b25bd2ee754b
< X-Amz-Cf-Id: 8avyDMff2YTe4Tde8GphuxqW6r-gUaKhXUQMtpR7l9XsuIw43lyXCQ==
< Content-Length: 875
< Content-Type: text/plain; charset=UTF-8
[31m[1m┌─────────────────────────────────────────────────────────────────────────────────────────────┐[0m
[31m[1m│[0m Invalid CUCUMBER_PUBLISH_TOKEN: [1mCUCUMBER_PUBLISH_TOKEN=54abb800-7cea-44ab-8ed4-bb72715838c0[0m [31m[1m│[0m
[31m[1m│[0m Go to [1m[36m[4mhttps://reports.cucumber.io/profile[0m to get your token.                                [31m[1m│[0m
[31m[1m└─────────────────────────────────────────────────────────────────────────────────────────────┘[0m
at io.cucumber.core.plugin.UrlOutputStream.createCurlLikeException(UrlOutputStream.java:150)
at io.cucumber.core.plugin.UrlOutputStream.getResponseBody(UrlOutputStream.java:135)
at io.cucumber.core.plugin.UrlOutputStream.sendRequest(UrlOutputStream.java:87)
at io.cucumber.core.plugin.UrlOutputStream.close(UrlOutputStream.java:65)
at java.base/sun.nio.cs.StreamEncoder.implClose(StreamEncoder.java:443)
at java.base/sun.nio.cs.StreamEncoder.lockedClose(StreamEncoder.java:241)
at java.base/sun.nio.cs.StreamEncoder.close(StreamEncoder.java:232)
at java.base/java.io.OutputStreamWriter.close(OutputStreamWriter.java:267)
at io.cucumber.core.plugin.MessageFormatter.writeMessage(MessageFormatter.java:29)
... 36 more
]]>
    </error>
  </testcase> <!-- tearDownClass -->
  <testcase classname="runner.Test_Data_table_Registartion_Runner" name="runScenario" time="0.041"/>
  <testcase classname="runner.Test_Data_table_Registartion_Runner" name="runScenario" time="0.062"/>
  <testcase classname="runner.Test_Data_table_Registartion_Runner" name="runScenario" time="0.035"/>
  <testcase classname="runner.Test_Data_table_Registartion_Runner" name="runScenario" time="0.044"/>
  <testcase classname="runner.Test_Data_table_Registartion_Runner" name="runScenario" time="0.038"/>
</testsuite> <!-- runner.Test_Data_table_Registartion_Runner -->
